<?xml version="1.0" encoding="UTF-8"?>
<testsuite name="com.fiskenatet.testBids.BidTest" time="0.002" tests="3" errors="0" skipped="0" failures="0">
  <properties>
    <property name="java.runtime.name" value="Java(TM) SE Runtime Environment"/>
    <property name="sun.boot.library.path" value="C:\Progra~1\Java\jdk1.8.0_72\jre\bin"/>
    <property name="java.vm.version" value="25.72-b15"/>
    <property name="java.vm.vendor" value="Oracle Corporation"/>
    <property name="maven.multiModuleProjectDirectory" value="C:\Users\Linus\Desktop\Fiskenätet - final"/>
    <property name="java.vendor.url" value="http://java.oracle.com/"/>
    <property name="path.separator" value=";"/>
    <property name="guice.disable.misplaced.annotation.check" value="true"/>
    <property name="java.vm.name" value="Java HotSpot(TM) 64-Bit Server VM"/>
    <property name="file.encoding.pkg" value="sun.io"/>
    <property name="user.script" value=""/>
    <property name="user.country" value="SE"/>
    <property name="sun.java.launcher" value="SUN_STANDARD"/>
    <property name="sun.os.patch.level" value=""/>
    <property name="java.vm.specification.name" value="Java Virtual Machine Specification"/>
    <property name="user.dir" value="C:\Users\Linus\Desktop\Fiskenätet - final"/>
    <property name="java.runtime.version" value="1.8.0_72-b15"/>
    <property name="java.awt.graphicsenv" value="sun.awt.Win32GraphicsEnvironment"/>
    <property name="java.endorsed.dirs" value="C:\Progra~1\Java\jdk1.8.0_72\jre\lib\endorsed"/>
    <property name="os.arch" value="amd64"/>
    <property name="java.io.tmpdir" value="C:\Users\Linus\AppData\Local\Temp\"/>
    <property name="line.separator" value="&#10;"/>
    <property name="java.vm.specification.vendor" value="Oracle Corporation"/>
    <property name="user.variant" value=""/>
    <property name="os.name" value="Windows 10"/>
    <property name="classworlds.conf" value="C:\apache-maven-3.3.9\bin\..\bin\m2.conf"/>
    <property name="sun.jnu.encoding" value="Cp1252"/>
    <property name="java.library.path" value="C:\Progra~1\Java\jdk1.8.0_72\bin;C:\WINDOWS\Sun\Java\bin;C:\WINDOWS\system32;C:\WINDOWS;C:\Users\Linus\.posh_gvm\vertx\current\bin;C:\Users\Linus\.posh_gvm\sshoogr\current\bin;C:\Users\Linus\.posh_gvm\springboot\current\bin;C:\Users\Linus\.posh_gvm\scala\current\bin;C:\Users\Linus\.posh_gvm\sbt\current\bin;C:\Users\Linus\.posh_gvm\maven\current\bin;C:\Users\Linus\.posh_gvm\lazybones\current\bin;C:\Users\Linus\.posh_gvm\kotlin\current\bin;C:\Users\Linus\.posh_gvm\kobalt\current\bin;C:\Users\Linus\.posh_gvm\jbossforge\current\bin;C:\Users\Linus\.posh_gvm\jbakery\current\bin;C:\Users\Linus\.posh_gvm\jbake\current\bin;C:\Users\Linus\.posh_gvm\groovyserv\current\bin;C:\Users\Linus\.posh_gvm\groovy\current\bin;C:\Users\Linus\.posh_gvm\griffon\current\bin;C:\Users\Linus\.posh_gvm\grails\current\bin;C:\Users\Linus\.posh_gvm\gradle\current\bin;C:\Users\Linus\.posh_gvm\glide\current\bin;C:\Users\Linus\.posh_gvm\gaiden\current\bin;C:\Users\Linus\.posh_gvm\crash\current\bin;C:\Users\Linus\.posh_gvm\ceylon\current\bin;C:\Users\Linus\.posh_gvm\asciidoctorj\current\bin;C:\Users\Linus\.posh_gvm\ant\current\bin;C:\Users\Linus\.posh_gvm\activator\current\bin;C:\ProgramData\Oracle\Java\javapath;C:\Windows\system32;C:\Windows;C:\Windows\System32\Wbem;C:\Windows\System32\WindowsPowerShell\v1.0\;C:\Program Files\Intel\WiFi\bin\;C:\Program Files\Common Files\Intel\WirelessCommon\;C:\Program Files (x86)\Common Files\Roxio Shared\OEM\DLLShared\;C:\Program Files (x86)\Common Files\Roxio Shared\OEM\12.0\DLLShared\;C:\Program Files (x86)\Roxio\OEM\AudioCore\;C:\Program Files (x86)\Skype\Phone\C:\Program Files (x86)\Java\jdk1.8.0_60\bin;C:\WINDOWS\system32;C:\WINDOWS;C:\WINDOWS\System32\Wbem;C:\WINDOWS\System32\WindowsPowerShell\v1.0\;C:\Program Files (x86)\NVIDIA Corporation\PhysX\Common;C:\Program Files (x86)\Skype\Phone\;C:\Program Files (x86)\Heroku\bin;C:\Program Files (x86)\git\cmd;C:\Program Files (x86)\MySQL\MySQL Fabric 1.5 &amp; MySQL Utilities 1.5\;C:\Program Files (x86)\MySQL\MySQL Fabric 1.5 &amp; MySQL Utilities 1.5\Doctrine extensions for PHP\;C:\Program Files\CloudFoundry;C:\Program Files\CloudFoundryy;C:\apache-maven-3.3.9\bin;."/>
    <property name="java.specification.name" value="Java Platform API Specification"/>
    <property name="java.class.version" value="52.0"/>
    <property name="sun.management.compiler" value="HotSpot 64-Bit Tiered Compilers"/>
    <property name="os.version" value="10.0"/>
    <property name="user.home" value="C:\Users\Linus"/>
    <property name="user.timezone" value="Europe/Berlin"/>
    <property name="java.awt.printerjob" value="sun.awt.windows.WPrinterJob"/>
    <property name="java.specification.version" value="1.8"/>
    <property name="file.encoding" value="Cp1252"/>
    <property name="user.name" value="Linus"/>
    <property name="java.class.path" value="C:\apache-maven-3.3.9\bin\..\boot\plexus-classworlds-2.5.2.jar"/>
    <property name="java.vm.specification.version" value="1.8"/>
    <property name="sun.arch.data.model" value="64"/>
    <property name="java.home" value="C:\Progra~1\Java\jdk1.8.0_72\jre"/>
    <property name="sun.java.command" value="org.codehaus.plexus.classworlds.launcher.Launcher package"/>
    <property name="java.specification.vendor" value="Oracle Corporation"/>
    <property name="user.language" value="sv"/>
    <property name="awt.toolkit" value="sun.awt.windows.WToolkit"/>
    <property name="java.vm.info" value="mixed mode"/>
    <property name="java.version" value="1.8.0_72"/>
    <property name="java.ext.dirs" value="C:\Progra~1\Java\jdk1.8.0_72\jre\lib\ext;C:\WINDOWS\Sun\Java\lib\ext"/>
    <property name="sun.boot.class.path" value="C:\Progra~1\Java\jdk1.8.0_72\jre\lib\resources.jar;C:\Progra~1\Java\jdk1.8.0_72\jre\lib\rt.jar;C:\Progra~1\Java\jdk1.8.0_72\jre\lib\sunrsasign.jar;C:\Progra~1\Java\jdk1.8.0_72\jre\lib\jsse.jar;C:\Progra~1\Java\jdk1.8.0_72\jre\lib\jce.jar;C:\Progra~1\Java\jdk1.8.0_72\jre\lib\charsets.jar;C:\Progra~1\Java\jdk1.8.0_72\jre\lib\jfr.jar;C:\Progra~1\Java\jdk1.8.0_72\jre\classes"/>
    <property name="sun.stderr.encoding" value="cp850"/>
    <property name="java.vendor" value="Oracle Corporation"/>
    <property name="maven.home" value="C:\apache-maven-3.3.9\bin\.."/>
    <property name="file.separator" value="\"/>
    <property name="java.vendor.url.bug" value="http://bugreport.sun.com/bugreport/"/>
    <property name="sun.cpu.endian" value="little"/>
    <property name="sun.io.unicode.encoding" value="UnicodeLittle"/>
    <property name="sun.stdout.encoding" value="cp850"/>
    <property name="sun.desktop" value="windows"/>
    <property name="sun.cpu.isalist" value="amd64"/>
  </properties>
  <testcase name="testGetAllBids" classname="com.fiskenatet.testBids.BidTest" time="0.002"/>
  <testcase name="testAddProduct" classname="com.fiskenatet.testBids.BidTest" time="0"/>
  <testcase name="testGetBid" classname="com.fiskenatet.testBids.BidTest" time="0"/>
</testsuite>